CRITICAL - 2025-06-13 20:26:40 --> Kreait\Firebase\Exception\Database\DatabaseError: invalid_grant
[Method: GET, Route: /]
in VENDORPATH\kreait\firebase-php\src\Firebase\Exception\DatabaseApiExceptionConverter.php on line 64.
 1 VENDORPATH\kreait\firebase-php\src\Firebase\Exception\DatabaseApiExceptionConverter.php(33): Kreait\Firebase\Exception\DatabaseApiExceptionConverter->convertGuzzleRequestException(Object(GuzzleHttp\Exception\ClientException))
 2 VENDORPATH\kreait\firebase-php\src\Firebase\Database\ApiClient.php(194): Kreait\Firebase\Exception\DatabaseApiExceptionConverter->convertException(Object(GuzzleHttp\Exception\ClientException))
 3 VENDORPATH\kreait\firebase-php\src\Firebase\Database\ApiClient.php(42): Kreait\Firebase\Database\ApiClient->requestApi('GET', Object(GuzzleHttp\Psr7\Uri))
 4 VENDORPATH\kreait\firebase-php\src\Firebase\Database\Reference.php(295): Kreait\Firebase\Database\ApiClient->get(Object(GuzzleHttp\Psr7\Uri))
 5 VENDORPATH\kreait\firebase-php\src\Firebase\Database\Reference.php(262): Kreait\Firebase\Database\Reference->getSnapshot()
 6 APPPATH\Controllers\Home.php(17): Kreait\Firebase\Database\Reference->getValue()
 7 SYSTEMPATH\CodeIgniter.php(933): App\Controllers\Home->index()
 8 SYSTEMPATH\CodeIgniter.php(507): CodeIgniter\CodeIgniter->runController(Object(App\Controllers\Home))
 9 SYSTEMPATH\CodeIgniter.php(354): CodeIgniter\CodeIgniter->handleRequest(null, Object(Config\Cache), false)
10 SYSTEMPATH\Boot.php(334): CodeIgniter\CodeIgniter->run()
11 SYSTEMPATH\Boot.php(67): CodeIgniter\Boot::runCodeIgniter(Object(CodeIgniter\CodeIgniter))
12 FCPATH\index.php(56): CodeIgniter\Boot::bootWeb(Object(Config\Paths))
13 SYSTEMPATH\rewrite.php(44): require_once('C:\\xampp\\htdocs\\ci4\\public\\index.php')
CRITICAL - 2025-06-13 20:26:40 --> [Caused by] GuzzleHttp\Exception\ClientException: Client error: `POST https://oauth2.googleapis.com/token` resulted in a `400 Bad Request` response:
{"error":"invalid_grant","error_description":"Invalid JWT: Token must be a short-lived token (60 minutes) and in a reaso (truncated...)

in VENDORPATH\guzzlehttp\guzzle\src\Exception\RequestException.php on line 111.
 1 VENDORPATH\guzzlehttp\guzzle\src\Middleware.php(72): GuzzleHttp\Exception\RequestException::create(Object(GuzzleHttp\Psr7\Request), Object(GuzzleHttp\Psr7\Response), null, [], null)
 2 VENDORPATH\guzzlehttp\promises\src\Promise.php(204): GuzzleHttp\Middleware::GuzzleHttp\{closure}(Object(GuzzleHttp\Psr7\Response))
 3 VENDORPATH\guzzlehttp\promises\src\Promise.php(153): GuzzleHttp\Promise\Promise::callHandler(1, Object(GuzzleHttp\Psr7\Response), null)
 4 VENDORPATH\guzzlehttp\promises\src\TaskQueue.php(48): GuzzleHttp\Promise\Promise::GuzzleHttp\Promise\{closure}()
 5 VENDORPATH\guzzlehttp\promises\src\Promise.php(248): GuzzleHttp\Promise\TaskQueue->run(true)
 6 VENDORPATH\guzzlehttp\promises\src\Promise.php(224): GuzzleHttp\Promise\Promise->invokeWaitFn()
 7 VENDORPATH\guzzlehttp\promises\src\Promise.php(269): GuzzleHttp\Promise\Promise->waitIfPending()
 8 VENDORPATH\guzzlehttp\promises\src\Promise.php(226): GuzzleHttp\Promise\Promise->invokeWaitList()
 9 VENDORPATH\guzzlehttp\promises\src\Promise.php(62): GuzzleHttp\Promise\Promise->waitIfPending()
10 VENDORPATH\guzzlehttp\guzzle\src\Client.php(124): GuzzleHttp\Promise\Promise->wait()
11 VENDORPATH\google\auth\src\HttpHandler\Guzzle6HttpHandler.php(65): GuzzleHttp\Client->send(Object(GuzzleHttp\Psr7\Request), [...])
12 VENDORPATH\google\auth\src\OAuth2.php(678): Google\Auth\HttpHandler\Guzzle6HttpHandler->__invoke(Object(GuzzleHttp\Psr7\Request))
13 VENDORPATH\google\auth\src\Credentials\ServiceAccountCredentials.php(253): Google\Auth\OAuth2->fetchAuthToken(Object(Google\Auth\HttpHandler\Guzzle7HttpHandler), [...])
14 VENDORPATH\google\auth\src\UpdateMetadataTrait.php(66): Google\Auth\Credentials\ServiceAccountCredentials->fetchAuthToken(Object(Google\Auth\HttpHandler\Guzzle7HttpHandler))
15 VENDORPATH\google\auth\src\Credentials\ServiceAccountCredentials.php(322): Google\Auth\CredentialsLoader->updateMetadata([...], null, Object(Google\Auth\HttpHandler\Guzzle7HttpHandler))
16 VENDORPATH\google\auth\src\FetchAuthTokenCache.php(263): Google\Auth\Credentials\ServiceAccountCredentials->updateMetadata([...], null, Object(Google\Auth\HttpHandler\Guzzle7HttpHandler))
17 VENDORPATH\google\auth\src\Middleware\AuthTokenMiddleware.php(139): Google\Auth\FetchAuthTokenCache->updateMetadata([...], null, Object(Google\Auth\HttpHandler\Guzzle7HttpHandler))
18 VENDORPATH\google\auth\src\Middleware\AuthTokenMiddleware.php(108): Google\Auth\Middleware\AuthTokenMiddleware->addAuthHeaders(Object(GuzzleHttp\Psr7\Request))
19 VENDORPATH\guzzlehttp\guzzle\src\PrepareBodyMiddleware.php(35): Google\Auth\Middleware\AuthTokenMiddleware->Google\Auth\Middleware\{closure}(Object(GuzzleHttp\Psr7\Request), [...])
20 VENDORPATH\guzzlehttp\guzzle\src\Middleware.php(31): GuzzleHttp\PrepareBodyMiddleware->__invoke(Object(GuzzleHttp\Psr7\Request), [...])
21 VENDORPATH\guzzlehttp\guzzle\src\RedirectMiddleware.php(71): GuzzleHttp\Middleware::GuzzleHttp\{closure}(Object(GuzzleHttp\Psr7\Request), [...])
22 VENDORPATH\guzzlehttp\guzzle\src\Middleware.php(66): GuzzleHttp\RedirectMiddleware->__invoke(Object(GuzzleHttp\Psr7\Request), [...])
23 VENDORPATH\guzzlehttp\guzzle\src\HandlerStack.php(75): GuzzleHttp\Middleware::GuzzleHttp\{closure}(Object(GuzzleHttp\Psr7\Request), [...])
24 VENDORPATH\guzzlehttp\guzzle\src\Client.php(333): GuzzleHttp\HandlerStack->__invoke(Object(GuzzleHttp\Psr7\Request), [...])
25 VENDORPATH\guzzlehttp\guzzle\src\Client.php(106): GuzzleHttp\Client->transfer(Object(GuzzleHttp\Psr7\Request), [...])
26 VENDORPATH\guzzlehttp\guzzle\src\Client.php(124): GuzzleHttp\Client->sendAsync(Object(GuzzleHttp\Psr7\Request), [...])
27 VENDORPATH\kreait\firebase-php\src\Firebase\Database\ApiClient.php(192): GuzzleHttp\Client->send(Object(GuzzleHttp\Psr7\Request), [...])
28 VENDORPATH\kreait\firebase-php\src\Firebase\Database\ApiClient.php(42): Kreait\Firebase\Database\ApiClient->requestApi('GET', Object(GuzzleHttp\Psr7\Uri))
29 VENDORPATH\kreait\firebase-php\src\Firebase\Database\Reference.php(295): Kreait\Firebase\Database\ApiClient->get(Object(GuzzleHttp\Psr7\Uri))
30 VENDORPATH\kreait\firebase-php\src\Firebase\Database\Reference.php(262): Kreait\Firebase\Database\Reference->getSnapshot()
31 APPPATH\Controllers\Home.php(17): Kreait\Firebase\Database\Reference->getValue()
32 SYSTEMPATH\CodeIgniter.php(933): App\Controllers\Home->index()
33 SYSTEMPATH\CodeIgniter.php(507): CodeIgniter\CodeIgniter->runController(Object(App\Controllers\Home))
34 SYSTEMPATH\CodeIgniter.php(354): CodeIgniter\CodeIgniter->handleRequest(null, Object(Config\Cache), false)
35 SYSTEMPATH\Boot.php(334): CodeIgniter\CodeIgniter->run()
36 SYSTEMPATH\Boot.php(67): CodeIgniter\Boot::runCodeIgniter(Object(CodeIgniter\CodeIgniter))
37 FCPATH\index.php(56): CodeIgniter\Boot::bootWeb(Object(Config\Paths))
38 SYSTEMPATH\rewrite.php(44): require_once('C:\\xampp\\htdocs\\ci4\\public\\index.php')
CRITICAL - 2025-06-13 23:27:45 --> Kreait\Firebase\Exception\Database\DatabaseError: invalid_grant
[Method: GET, Route: /]
in VENDORPATH\kreait\firebase-php\src\Firebase\Exception\DatabaseApiExceptionConverter.php on line 64.
 1 VENDORPATH\kreait\firebase-php\src\Firebase\Exception\DatabaseApiExceptionConverter.php(33): Kreait\Firebase\Exception\DatabaseApiExceptionConverter->convertGuzzleRequestException(Object(GuzzleHttp\Exception\ClientException))
 2 VENDORPATH\kreait\firebase-php\src\Firebase\Database\ApiClient.php(194): Kreait\Firebase\Exception\DatabaseApiExceptionConverter->convertException(Object(GuzzleHttp\Exception\ClientException))
 3 VENDORPATH\kreait\firebase-php\src\Firebase\Database\ApiClient.php(42): Kreait\Firebase\Database\ApiClient->requestApi('GET', Object(GuzzleHttp\Psr7\Uri))
 4 VENDORPATH\kreait\firebase-php\src\Firebase\Database\Reference.php(295): Kreait\Firebase\Database\ApiClient->get(Object(GuzzleHttp\Psr7\Uri))
 5 VENDORPATH\kreait\firebase-php\src\Firebase\Database\Reference.php(262): Kreait\Firebase\Database\Reference->getSnapshot()
 6 APPPATH\Controllers\Home.php(17): Kreait\Firebase\Database\Reference->getValue()
 7 SYSTEMPATH\CodeIgniter.php(933): App\Controllers\Home->index()
 8 SYSTEMPATH\CodeIgniter.php(507): CodeIgniter\CodeIgniter->runController(Object(App\Controllers\Home))
 9 SYSTEMPATH\CodeIgniter.php(354): CodeIgniter\CodeIgniter->handleRequest(null, Object(Config\Cache), false)
10 SYSTEMPATH\Boot.php(334): CodeIgniter\CodeIgniter->run()
11 SYSTEMPATH\Boot.php(67): CodeIgniter\Boot::runCodeIgniter(Object(CodeIgniter\CodeIgniter))
12 FCPATH\index.php(56): CodeIgniter\Boot::bootWeb(Object(Config\Paths))
13 SYSTEMPATH\rewrite.php(44): require_once('C:\\xampp\\htdocs\\ci4\\public\\index.php')
CRITICAL - 2025-06-13 23:27:45 --> [Caused by] GuzzleHttp\Exception\ClientException: Client error: `POST https://oauth2.googleapis.com/token` resulted in a `400 Bad Request` response:
{"error":"invalid_grant","error_description":"Invalid JWT: Token must be a short-lived token (60 minutes) and in a reaso (truncated...)

in VENDORPATH\guzzlehttp\guzzle\src\Exception\RequestException.php on line 111.
 1 VENDORPATH\guzzlehttp\guzzle\src\Middleware.php(72): GuzzleHttp\Exception\RequestException::create(Object(GuzzleHttp\Psr7\Request), Object(GuzzleHttp\Psr7\Response), null, [], null)
 2 VENDORPATH\guzzlehttp\promises\src\Promise.php(204): GuzzleHttp\Middleware::GuzzleHttp\{closure}(Object(GuzzleHttp\Psr7\Response))
 3 VENDORPATH\guzzlehttp\promises\src\Promise.php(153): GuzzleHttp\Promise\Promise::callHandler(1, Object(GuzzleHttp\Psr7\Response), null)
 4 VENDORPATH\guzzlehttp\promises\src\TaskQueue.php(48): GuzzleHttp\Promise\Promise::GuzzleHttp\Promise\{closure}()
 5 VENDORPATH\guzzlehttp\promises\src\Promise.php(248): GuzzleHttp\Promise\TaskQueue->run(true)
 6 VENDORPATH\guzzlehttp\promises\src\Promise.php(224): GuzzleHttp\Promise\Promise->invokeWaitFn()
 7 VENDORPATH\guzzlehttp\promises\src\Promise.php(269): GuzzleHttp\Promise\Promise->waitIfPending()
 8 VENDORPATH\guzzlehttp\promises\src\Promise.php(226): GuzzleHttp\Promise\Promise->invokeWaitList()
 9 VENDORPATH\guzzlehttp\promises\src\Promise.php(62): GuzzleHttp\Promise\Promise->waitIfPending()
10 VENDORPATH\guzzlehttp\guzzle\src\Client.php(124): GuzzleHttp\Promise\Promise->wait()
11 VENDORPATH\google\auth\src\HttpHandler\Guzzle6HttpHandler.php(65): GuzzleHttp\Client->send(Object(GuzzleHttp\Psr7\Request), [...])
12 VENDORPATH\google\auth\src\OAuth2.php(678): Google\Auth\HttpHandler\Guzzle6HttpHandler->__invoke(Object(GuzzleHttp\Psr7\Request))
13 VENDORPATH\google\auth\src\Credentials\ServiceAccountCredentials.php(253): Google\Auth\OAuth2->fetchAuthToken(Object(Google\Auth\HttpHandler\Guzzle7HttpHandler), [...])
14 VENDORPATH\google\auth\src\UpdateMetadataTrait.php(66): Google\Auth\Credentials\ServiceAccountCredentials->fetchAuthToken(Object(Google\Auth\HttpHandler\Guzzle7HttpHandler))
15 VENDORPATH\google\auth\src\Credentials\ServiceAccountCredentials.php(322): Google\Auth\CredentialsLoader->updateMetadata([...], null, Object(Google\Auth\HttpHandler\Guzzle7HttpHandler))
16 VENDORPATH\google\auth\src\FetchAuthTokenCache.php(263): Google\Auth\Credentials\ServiceAccountCredentials->updateMetadata([...], null, Object(Google\Auth\HttpHandler\Guzzle7HttpHandler))
17 VENDORPATH\google\auth\src\Middleware\AuthTokenMiddleware.php(139): Google\Auth\FetchAuthTokenCache->updateMetadata([...], null, Object(Google\Auth\HttpHandler\Guzzle7HttpHandler))
18 VENDORPATH\google\auth\src\Middleware\AuthTokenMiddleware.php(108): Google\Auth\Middleware\AuthTokenMiddleware->addAuthHeaders(Object(GuzzleHttp\Psr7\Request))
19 VENDORPATH\guzzlehttp\guzzle\src\PrepareBodyMiddleware.php(35): Google\Auth\Middleware\AuthTokenMiddleware->Google\Auth\Middleware\{closure}(Object(GuzzleHttp\Psr7\Request), [...])
20 VENDORPATH\guzzlehttp\guzzle\src\Middleware.php(31): GuzzleHttp\PrepareBodyMiddleware->__invoke(Object(GuzzleHttp\Psr7\Request), [...])
21 VENDORPATH\guzzlehttp\guzzle\src\RedirectMiddleware.php(71): GuzzleHttp\Middleware::GuzzleHttp\{closure}(Object(GuzzleHttp\Psr7\Request), [...])
22 VENDORPATH\guzzlehttp\guzzle\src\Middleware.php(66): GuzzleHttp\RedirectMiddleware->__invoke(Object(GuzzleHttp\Psr7\Request), [...])
23 VENDORPATH\guzzlehttp\guzzle\src\HandlerStack.php(75): GuzzleHttp\Middleware::GuzzleHttp\{closure}(Object(GuzzleHttp\Psr7\Request), [...])
24 VENDORPATH\guzzlehttp\guzzle\src\Client.php(333): GuzzleHttp\HandlerStack->__invoke(Object(GuzzleHttp\Psr7\Request), [...])
25 VENDORPATH\guzzlehttp\guzzle\src\Client.php(106): GuzzleHttp\Client->transfer(Object(GuzzleHttp\Psr7\Request), [...])
26 VENDORPATH\guzzlehttp\guzzle\src\Client.php(124): GuzzleHttp\Client->sendAsync(Object(GuzzleHttp\Psr7\Request), [...])
27 VENDORPATH\kreait\firebase-php\src\Firebase\Database\ApiClient.php(192): GuzzleHttp\Client->send(Object(GuzzleHttp\Psr7\Request), [...])
28 VENDORPATH\kreait\firebase-php\src\Firebase\Database\ApiClient.php(42): Kreait\Firebase\Database\ApiClient->requestApi('GET', Object(GuzzleHttp\Psr7\Uri))
29 VENDORPATH\kreait\firebase-php\src\Firebase\Database\Reference.php(295): Kreait\Firebase\Database\ApiClient->get(Object(GuzzleHttp\Psr7\Uri))
30 VENDORPATH\kreait\firebase-php\src\Firebase\Database\Reference.php(262): Kreait\Firebase\Database\Reference->getSnapshot()
31 APPPATH\Controllers\Home.php(17): Kreait\Firebase\Database\Reference->getValue()
32 SYSTEMPATH\CodeIgniter.php(933): App\Controllers\Home->index()
33 SYSTEMPATH\CodeIgniter.php(507): CodeIgniter\CodeIgniter->runController(Object(App\Controllers\Home))
34 SYSTEMPATH\CodeIgniter.php(354): CodeIgniter\CodeIgniter->handleRequest(null, Object(Config\Cache), false)
35 SYSTEMPATH\Boot.php(334): CodeIgniter\CodeIgniter->run()
36 SYSTEMPATH\Boot.php(67): CodeIgniter\Boot::runCodeIgniter(Object(CodeIgniter\CodeIgniter))
37 FCPATH\index.php(56): CodeIgniter\Boot::bootWeb(Object(Config\Paths))
38 SYSTEMPATH\rewrite.php(44): require_once('C:\\xampp\\htdocs\\ci4\\public\\index.php')
CRITICAL - 2025-06-13 23:27:47 --> Kreait\Firebase\Exception\Database\DatabaseError: invalid_grant
[Method: GET, Route: /]
in VENDORPATH\kreait\firebase-php\src\Firebase\Exception\DatabaseApiExceptionConverter.php on line 64.
 1 VENDORPATH\kreait\firebase-php\src\Firebase\Exception\DatabaseApiExceptionConverter.php(33): Kreait\Firebase\Exception\DatabaseApiExceptionConverter->convertGuzzleRequestException(Object(GuzzleHttp\Exception\ClientException))
 2 VENDORPATH\kreait\firebase-php\src\Firebase\Database\ApiClient.php(194): Kreait\Firebase\Exception\DatabaseApiExceptionConverter->convertException(Object(GuzzleHttp\Exception\ClientException))
 3 VENDORPATH\kreait\firebase-php\src\Firebase\Database\ApiClient.php(42): Kreait\Firebase\Database\ApiClient->requestApi('GET', Object(GuzzleHttp\Psr7\Uri))
 4 VENDORPATH\kreait\firebase-php\src\Firebase\Database\Reference.php(295): Kreait\Firebase\Database\ApiClient->get(Object(GuzzleHttp\Psr7\Uri))
 5 VENDORPATH\kreait\firebase-php\src\Firebase\Database\Reference.php(262): Kreait\Firebase\Database\Reference->getSnapshot()
 6 APPPATH\Controllers\Home.php(17): Kreait\Firebase\Database\Reference->getValue()
 7 SYSTEMPATH\CodeIgniter.php(933): App\Controllers\Home->index()
 8 SYSTEMPATH\CodeIgniter.php(507): CodeIgniter\CodeIgniter->runController(Object(App\Controllers\Home))
 9 SYSTEMPATH\CodeIgniter.php(354): CodeIgniter\CodeIgniter->handleRequest(null, Object(Config\Cache), false)
10 SYSTEMPATH\Boot.php(334): CodeIgniter\CodeIgniter->run()
11 SYSTEMPATH\Boot.php(67): CodeIgniter\Boot::runCodeIgniter(Object(CodeIgniter\CodeIgniter))
12 FCPATH\index.php(56): CodeIgniter\Boot::bootWeb(Object(Config\Paths))
13 SYSTEMPATH\rewrite.php(44): require_once('C:\\xampp\\htdocs\\ci4\\public\\index.php')
CRITICAL - 2025-06-13 23:27:47 --> [Caused by] GuzzleHttp\Exception\ClientException: Client error: `POST https://oauth2.googleapis.com/token` resulted in a `400 Bad Request` response:
{"error":"invalid_grant","error_description":"Invalid JWT: Token must be a short-lived token (60 minutes) and in a reaso (truncated...)

in VENDORPATH\guzzlehttp\guzzle\src\Exception\RequestException.php on line 111.
 1 VENDORPATH\guzzlehttp\guzzle\src\Middleware.php(72): GuzzleHttp\Exception\RequestException::create(Object(GuzzleHttp\Psr7\Request), Object(GuzzleHttp\Psr7\Response), null, [], null)
 2 VENDORPATH\guzzlehttp\promises\src\Promise.php(204): GuzzleHttp\Middleware::GuzzleHttp\{closure}(Object(GuzzleHttp\Psr7\Response))
 3 VENDORPATH\guzzlehttp\promises\src\Promise.php(153): GuzzleHttp\Promise\Promise::callHandler(1, Object(GuzzleHttp\Psr7\Response), null)
 4 VENDORPATH\guzzlehttp\promises\src\TaskQueue.php(48): GuzzleHttp\Promise\Promise::GuzzleHttp\Promise\{closure}()
 5 VENDORPATH\guzzlehttp\promises\src\Promise.php(248): GuzzleHttp\Promise\TaskQueue->run(true)
 6 VENDORPATH\guzzlehttp\promises\src\Promise.php(224): GuzzleHttp\Promise\Promise->invokeWaitFn()
 7 VENDORPATH\guzzlehttp\promises\src\Promise.php(269): GuzzleHttp\Promise\Promise->waitIfPending()
 8 VENDORPATH\guzzlehttp\promises\src\Promise.php(226): GuzzleHttp\Promise\Promise->invokeWaitList()
 9 VENDORPATH\guzzlehttp\promises\src\Promise.php(62): GuzzleHttp\Promise\Promise->waitIfPending()
10 VENDORPATH\guzzlehttp\guzzle\src\Client.php(124): GuzzleHttp\Promise\Promise->wait()
11 VENDORPATH\google\auth\src\HttpHandler\Guzzle6HttpHandler.php(65): GuzzleHttp\Client->send(Object(GuzzleHttp\Psr7\Request), [...])
12 VENDORPATH\google\auth\src\OAuth2.php(678): Google\Auth\HttpHandler\Guzzle6HttpHandler->__invoke(Object(GuzzleHttp\Psr7\Request))
13 VENDORPATH\google\auth\src\Credentials\ServiceAccountCredentials.php(253): Google\Auth\OAuth2->fetchAuthToken(Object(Google\Auth\HttpHandler\Guzzle7HttpHandler), [...])
14 VENDORPATH\google\auth\src\UpdateMetadataTrait.php(66): Google\Auth\Credentials\ServiceAccountCredentials->fetchAuthToken(Object(Google\Auth\HttpHandler\Guzzle7HttpHandler))
15 VENDORPATH\google\auth\src\Credentials\ServiceAccountCredentials.php(322): Google\Auth\CredentialsLoader->updateMetadata([...], null, Object(Google\Auth\HttpHandler\Guzzle7HttpHandler))
16 VENDORPATH\google\auth\src\FetchAuthTokenCache.php(263): Google\Auth\Credentials\ServiceAccountCredentials->updateMetadata([...], null, Object(Google\Auth\HttpHandler\Guzzle7HttpHandler))
17 VENDORPATH\google\auth\src\Middleware\AuthTokenMiddleware.php(139): Google\Auth\FetchAuthTokenCache->updateMetadata([...], null, Object(Google\Auth\HttpHandler\Guzzle7HttpHandler))
18 VENDORPATH\google\auth\src\Middleware\AuthTokenMiddleware.php(108): Google\Auth\Middleware\AuthTokenMiddleware->addAuthHeaders(Object(GuzzleHttp\Psr7\Request))
19 VENDORPATH\guzzlehttp\guzzle\src\PrepareBodyMiddleware.php(35): Google\Auth\Middleware\AuthTokenMiddleware->Google\Auth\Middleware\{closure}(Object(GuzzleHttp\Psr7\Request), [...])
20 VENDORPATH\guzzlehttp\guzzle\src\Middleware.php(31): GuzzleHttp\PrepareBodyMiddleware->__invoke(Object(GuzzleHttp\Psr7\Request), [...])
21 VENDORPATH\guzzlehttp\guzzle\src\RedirectMiddleware.php(71): GuzzleHttp\Middleware::GuzzleHttp\{closure}(Object(GuzzleHttp\Psr7\Request), [...])
22 VENDORPATH\guzzlehttp\guzzle\src\Middleware.php(66): GuzzleHttp\RedirectMiddleware->__invoke(Object(GuzzleHttp\Psr7\Request), [...])
23 VENDORPATH\guzzlehttp\guzzle\src\HandlerStack.php(75): GuzzleHttp\Middleware::GuzzleHttp\{closure}(Object(GuzzleHttp\Psr7\Request), [...])
24 VENDORPATH\guzzlehttp\guzzle\src\Client.php(333): GuzzleHttp\HandlerStack->__invoke(Object(GuzzleHttp\Psr7\Request), [...])
25 VENDORPATH\guzzlehttp\guzzle\src\Client.php(106): GuzzleHttp\Client->transfer(Object(GuzzleHttp\Psr7\Request), [...])
26 VENDORPATH\guzzlehttp\guzzle\src\Client.php(124): GuzzleHttp\Client->sendAsync(Object(GuzzleHttp\Psr7\Request), [...])
27 VENDORPATH\kreait\firebase-php\src\Firebase\Database\ApiClient.php(192): GuzzleHttp\Client->send(Object(GuzzleHttp\Psr7\Request), [...])
28 VENDORPATH\kreait\firebase-php\src\Firebase\Database\ApiClient.php(42): Kreait\Firebase\Database\ApiClient->requestApi('GET', Object(GuzzleHttp\Psr7\Uri))
29 VENDORPATH\kreait\firebase-php\src\Firebase\Database\Reference.php(295): Kreait\Firebase\Database\ApiClient->get(Object(GuzzleHttp\Psr7\Uri))
30 VENDORPATH\kreait\firebase-php\src\Firebase\Database\Reference.php(262): Kreait\Firebase\Database\Reference->getSnapshot()
31 APPPATH\Controllers\Home.php(17): Kreait\Firebase\Database\Reference->getValue()
32 SYSTEMPATH\CodeIgniter.php(933): App\Controllers\Home->index()
33 SYSTEMPATH\CodeIgniter.php(507): CodeIgniter\CodeIgniter->runController(Object(App\Controllers\Home))
34 SYSTEMPATH\CodeIgniter.php(354): CodeIgniter\CodeIgniter->handleRequest(null, Object(Config\Cache), false)
35 SYSTEMPATH\Boot.php(334): CodeIgniter\CodeIgniter->run()
36 SYSTEMPATH\Boot.php(67): CodeIgniter\Boot::runCodeIgniter(Object(CodeIgniter\CodeIgniter))
37 FCPATH\index.php(56): CodeIgniter\Boot::bootWeb(Object(Config\Paths))
38 SYSTEMPATH\rewrite.php(44): require_once('C:\\xampp\\htdocs\\ci4\\public\\index.php')
